<?xml version="1.0" encoding="UTF-8"?>
<testsuite xmlns:xsi="http://www.w3.org/2001/XMLSchema-instance" xsi:noNamespaceSchemaLocation="https://maven.apache.org/surefire/maven-surefire-plugin/xsd/surefire-test-report.xsd" name="selenium.AppTest" time="0.019" tests="2" errors="0" skipped="2" failures="0">
  <properties>
[...]
</properties>
  <testcase name="shouldAnswerWithTrue" classname="selenium.AppTest" time="0">
    <skipped/>
  </testcase>
  <testcase name="amazonTest" classname="selenium.AppTest" time="0">
    <skipped/>
  </testcase>
</testsuite>